2020-01-23 05:32:27.144  INFO 18900 --- [main] OAuth2JwtAuthorizationServer3Application : Starting SpringBootOAuth2JwtAuthorizationServer3Application on DESKTOP-Q9J85N7 with PID 18900 (C:\Users\PARSA\eclipse-workspace\SpringBootOAuth2JwtAuthorizationServer-3\target\classes started by PARSA in C:\Users\PARSA\eclipse-workspace\SpringBootOAuth2JwtAuthorizationServer-3)
2020-01-23 05:32:27.147  INFO 18900 --- [main] OAuth2JwtAuthorizationServer3Application : No active profile set, falling back to default profiles: default
2020-01-23 05:32:28.258  INFO 18900 --- [main] .s.d.r.c.RepositoryConfigurationDelegate : Bootstrapping Spring Data JPA repositories in DEFAULT mode.
2020-01-23 05:32:28.354  INFO 18900 --- [main] .s.d.r.c.RepositoryConfigurationDelegate : Finished Spring Data repository scanning in 83ms. Found 2 JPA repository interfaces.
2020-01-23 05:32:28.922  INFO 18900 --- [main] trationDelegate$BeanPostProcessorChecker : Bean 'org.springframework.transaction.annotation.ProxyTransactionManagementConfiguration' of type [org.springframework.transaction.annotation.ProxyTransactionManagementConfiguration] is not eligible for getting processed by all BeanPostProcessors (for example: not eligible for auto-proxying)
2020-01-23 05:32:29.030  INFO 18900 --- [main] trationDelegate$BeanPostProcessorChecker : Bean 'org.springframework.security.config.annotation.configuration.ObjectPostProcessorConfiguration' of type [org.springframework.security.config.annotation.configuration.ObjectPostProcessorConfiguration] is not eligible for getting processed by all BeanPostProcessors (for example: not eligible for auto-proxying)
2020-01-23 05:32:29.036  INFO 18900 --- [main] trationDelegate$BeanPostProcessorChecker : Bean 'objectPostProcessor' of type [org.springframework.security.config.annotation.configuration.AutowireBeanFactoryObjectPostProcessor] is not eligible for getting processed by all BeanPostProcessors (for example: not eligible for auto-proxying)
2020-01-23 05:32:29.040  INFO 18900 --- [main] trationDelegate$BeanPostProcessorChecker : Bean 'org.springframework.security.access.expression.method.DefaultMethodSecurityExpressionHandler@545607f2' of type [org.springframework.security.oauth2.provider.expression.OAuth2MethodSecurityExpressionHandler] is not eligible for getting processed by all BeanPostProcessors (for example: not eligible for auto-proxying)
2020-01-23 05:32:29.042  INFO 18900 --- [main] trationDelegate$BeanPostProcessorChecker : Bean 'org.springframework.security.config.annotation.method.configuration.GlobalMethodSecurityConfiguration' of type [org.springframework.security.config.annotation.method.configuration.GlobalMethodSecurityConfiguration] is not eligible for getting processed by all BeanPostProcessors (for example: not eligible for auto-proxying)
2020-01-23 05:32:29.046  INFO 18900 --- [main] trationDelegate$BeanPostProcessorChecker : Bean 'methodSecurityMetadataSource' of type [org.springframework.security.access.method.DelegatingMethodSecurityMetadataSource] is not eligible for getting processed by all BeanPostProcessors (for example: not eligible for auto-proxying)
2020-01-23 05:32:30.037  INFO 18900 --- [main] o.s.b.w.embedded.tomcat.TomcatWebServer  : Tomcat initialized with port(s): 8081 (http)
2020-01-23 05:32:30.050  INFO 18900 --- [main] o.apache.catalina.core.StandardService   : Starting service [Tomcat]
2020-01-23 05:32:30.051  INFO 18900 --- [main] org.apache.catalina.core.StandardEngine  : Starting Servlet engine: [Apache Tomcat/9.0.30]
2020-01-23 05:32:30.197  INFO 18900 --- [main] o.a.c.c.C.[Tomcat].[localhost].[/]       : Initializing Spring embedded WebApplicationContext
2020-01-23 05:32:30.198  INFO 18900 --- [main] o.s.web.context.ContextLoader            : Root WebApplicationContext: initialization completed in 2991 ms
2020-01-23 05:32:30.580  INFO 18900 --- [main] o.hibernate.jpa.internal.util.LogHelper  : HHH000204: Processing PersistenceUnitInfo [name: default]
2020-01-23 05:32:30.706  INFO 18900 --- [main] org.hibernate.Version                    : HHH000412: Hibernate Core {5.4.10.Final}
2020-01-23 05:32:30.920  INFO 18900 --- [main] o.hibernate.annotations.common.Version   : HCANN000001: Hibernate Commons Annotations {5.1.0.Final}
2020-01-23 05:32:31.069  INFO 18900 --- [main] com.zaxxer.hikari.HikariDataSource       : HikariPool-1 - Starting...
2020-01-23 05:32:32.331  INFO 18900 --- [main] com.zaxxer.hikari.HikariDataSource       : HikariPool-1 - Start completed.
2020-01-23 05:32:32.372  INFO 18900 --- [main] org.hibernate.dialect.Dialect            : HHH000400: Using dialect: org.hibernate.dialect.MySQL57Dialect
2020-01-23 05:32:33.691  INFO 18900 --- [main] o.h.e.t.j.p.i.JtaPlatformInitiator       : HHH000490: Using JtaPlatform implementation: [org.hibernate.engine.transaction.jta.platform.internal.NoJtaPlatform]
2020-01-23 05:32:33.700  INFO 18900 --- [main] j.LocalContainerEntityManagerFactoryBean : Initialized JPA EntityManagerFactory for persistence unit 'default'
2020-01-23 05:32:34.443  WARN 18900 --- [main] JpaBaseConfiguration$JpaWebConfiguration : spring.jpa.open-in-view is enabled by default. Therefore, database queries may be performed during view rendering. Explicitly configure spring.jpa.open-in-view to disable this warning
2020-01-23 05:32:35.290  INFO 18900 --- [main] o.s.s.web.DefaultSecurityFilterChain     : Creating filter chain: OrRequestMatcher [requestMatchers=[Ant [pattern='/oauth/token'], Ant [pattern='/oauth/token_key'], Ant [pattern='/oauth/check_token']]], [org.springframework.security.web.context.request.async.WebAsyncManagerIntegrationFilter@1c788d08, org.springframework.security.web.context.SecurityContextPersistenceFilter@212e39ee, org.springframework.security.web.header.HeaderWriterFilter@1926f962, org.springframework.security.web.authentication.logout.LogoutFilter@57b130f6, org.springframework.security.web.authentication.www.BasicAuthenticationFilter@98722ef, org.springframework.security.web.savedrequest.RequestCacheAwareFilter@79617c3d, org.springframework.security.web.servletapi.SecurityContextHolderAwareRequestFilter@43d6262c, org.springframework.security.web.authentication.AnonymousAuthenticationFilter@2adc1e84, org.springframework.security.web.session.SessionManagementFilter@2a661215, org.springframework.security.web.access.ExceptionTranslationFilter@61d011e, org.springframework.security.web.access.intercept.FilterSecurityInterceptor@43f99817]
2020-01-23 05:32:35.300  INFO 18900 --- [main] o.s.s.web.DefaultSecurityFilterChain     : Creating filter chain: any request, [org.springframework.security.web.context.request.async.WebAsyncManagerIntegrationFilter@186f7434, org.springframework.security.web.context.SecurityContextPersistenceFilter@7791ff50, org.springframework.security.web.header.HeaderWriterFilter@2de7c84a, org.springframework.security.web.authentication.logout.LogoutFilter@799fb45e, org.springframework.security.web.savedrequest.RequestCacheAwareFilter@46de118b, org.springframework.security.web.servletapi.SecurityContextHolderAwareRequestFilter@55682482, org.springframework.security.web.authentication.AnonymousAuthenticationFilter@2374452a, org.springframework.security.web.session.SessionManagementFilter@4182a651, org.springframework.security.web.access.ExceptionTranslationFilter@684b26b7, org.springframework.security.web.access.intercept.FilterSecurityInterceptor@6c75e3bc]
2020-01-23 05:32:35.527  INFO 18900 --- [main] o.s.s.concurrent.ThreadPoolTaskExecutor  : Initializing ExecutorService 'applicationTaskExecutor'
2020-01-23 05:32:35.833  INFO 18900 --- [main] o.s.b.w.embedded.tomcat.TomcatWebServer  : Tomcat started on port(s): 8081 (http) with context path ''
2020-01-23 05:32:35.836  INFO 18900 --- [main] OAuth2JwtAuthorizationServer3Application : Started SpringBootOAuth2JwtAuthorizationServer3Application in 9.31 seconds (JVM running for 9.823)
2020-01-23 05:33:31.604  INFO 19072 --- [main] OAuth2JwtAuthorizationServer3Application : Starting SpringBootOAuth2JwtAuthorizationServer3Application on DESKTOP-Q9J85N7 with PID 19072 (C:\Users\PARSA\eclipse-workspace\SpringBootOAuth2JwtAuthorizationServer-3\target\classes started by PARSA in C:\Users\PARSA\eclipse-workspace\SpringBootOAuth2JwtAuthorizationServer-3)
2020-01-23 05:33:31.608  INFO 19072 --- [main] OAuth2JwtAuthorizationServer3Application : No active profile set, falling back to default profiles: default
2020-01-23 05:33:33.292  INFO 19072 --- [main] .s.d.r.c.RepositoryConfigurationDelegate : Bootstrapping Spring Data JPA repositories in DEFAULT mode.
2020-01-23 05:33:33.397  INFO 19072 --- [main] .s.d.r.c.RepositoryConfigurationDelegate : Finished Spring Data repository scanning in 90ms. Found 2 JPA repository interfaces.
2020-01-23 05:33:34.188  INFO 19072 --- [main] trationDelegate$BeanPostProcessorChecker : Bean 'org.springframework.transaction.annotation.ProxyTransactionManagementConfiguration' of type [org.springframework.transaction.annotation.ProxyTransactionManagementConfiguration] is not eligible for getting processed by all BeanPostProcessors (for example: not eligible for auto-proxying)
2020-01-23 05:33:34.340  INFO 19072 --- [main] trationDelegate$BeanPostProcessorChecker : Bean 'org.springframework.security.config.annotation.configuration.ObjectPostProcessorConfiguration' of type [org.springframework.security.config.annotation.configuration.ObjectPostProcessorConfiguration] is not eligible for getting processed by all BeanPostProcessors (for example: not eligible for auto-proxying)
2020-01-23 05:33:34.346  INFO 19072 --- [main] trationDelegate$BeanPostProcessorChecker : Bean 'objectPostProcessor' of type [org.springframework.security.config.annotation.configuration.AutowireBeanFactoryObjectPostProcessor] is not eligible for getting processed by all BeanPostProcessors (for example: not eligible for auto-proxying)
2020-01-23 05:33:34.351  INFO 19072 --- [main] trationDelegate$BeanPostProcessorChecker : Bean 'org.springframework.security.access.expression.method.DefaultMethodSecurityExpressionHandler@5a6482a9' of type [org.springframework.security.oauth2.provider.expression.OAuth2MethodSecurityExpressionHandler] is not eligible for getting processed by all BeanPostProcessors (for example: not eligible for auto-proxying)
2020-01-23 05:33:34.354  INFO 19072 --- [main] trationDelegate$BeanPostProcessorChecker : Bean 'org.springframework.security.config.annotation.method.configuration.GlobalMethodSecurityConfiguration' of type [org.springframework.security.config.annotation.method.configuration.GlobalMethodSecurityConfiguration] is not eligible for getting processed by all BeanPostProcessors (for example: not eligible for auto-proxying)
2020-01-23 05:33:34.359  INFO 19072 --- [main] trationDelegate$BeanPostProcessorChecker : Bean 'methodSecurityMetadataSource' of type [org.springframework.security.access.method.DelegatingMethodSecurityMetadataSource] is not eligible for getting processed by all BeanPostProcessors (for example: not eligible for auto-proxying)
2020-01-23 05:33:35.377  INFO 19072 --- [main] o.s.b.w.embedded.tomcat.TomcatWebServer  : Tomcat initialized with port(s): 8081 (http)
2020-01-23 05:33:35.389  INFO 19072 --- [main] o.apache.catalina.core.StandardService   : Starting service [Tomcat]
2020-01-23 05:33:35.390  INFO 19072 --- [main] org.apache.catalina.core.StandardEngine  : Starting Servlet engine: [Apache Tomcat/9.0.30]
2020-01-23 05:33:35.534  INFO 19072 --- [main] o.a.c.c.C.[Tomcat].[localhost].[/]       : Initializing Spring embedded WebApplicationContext
2020-01-23 05:33:35.535  INFO 19072 --- [main] o.s.web.context.ContextLoader            : Root WebApplicationContext: initialization completed in 3844 ms
2020-01-23 05:33:37.153  INFO 19072 --- [main] o.hibernate.jpa.internal.util.LogHelper  : HHH000204: Processing PersistenceUnitInfo [name: default]
2020-01-23 05:33:37.275  INFO 19072 --- [main] org.hibernate.Version                    : HHH000412: Hibernate Core {5.4.10.Final}
2020-01-23 05:33:37.514  INFO 19072 --- [main] o.hibernate.annotations.common.Version   : HCANN000001: Hibernate Commons Annotations {5.1.0.Final}
2020-01-23 05:33:37.700  INFO 19072 --- [main] com.zaxxer.hikari.HikariDataSource       : HikariPool-1 - Starting...
2020-01-23 05:33:39.048  INFO 19072 --- [main] com.zaxxer.hikari.HikariDataSource       : HikariPool-1 - Start completed.
2020-01-23 05:33:39.092  INFO 19072 --- [main] org.hibernate.dialect.Dialect            : HHH000400: Using dialect: org.hibernate.dialect.MySQL57Dialect
2020-01-23 05:33:40.385  INFO 19072 --- [main] o.h.e.t.j.p.i.JtaPlatformInitiator       : HHH000490: Using JtaPlatform implementation: [org.hibernate.engine.transaction.jta.platform.internal.NoJtaPlatform]
2020-01-23 05:33:40.398  INFO 19072 --- [main] j.LocalContainerEntityManagerFactoryBean : Initialized JPA EntityManagerFactory for persistence unit 'default'
2020-01-23 05:33:41.201  WARN 19072 --- [main] JpaBaseConfiguration$JpaWebConfiguration : spring.jpa.open-in-view is enabled by default. Therefore, database queries may be performed during view rendering. Explicitly configure spring.jpa.open-in-view to disable this warning
2020-01-23 05:33:42.396  INFO 19072 --- [main] o.s.s.web.DefaultSecurityFilterChain     : Creating filter chain: OrRequestMatcher [requestMatchers=[Ant [pattern='/oauth/token'], Ant [pattern='/oauth/token_key'], Ant [pattern='/oauth/check_token']]], [org.springframework.security.web.context.request.async.WebAsyncManagerIntegrationFilter@10cb050, org.springframework.security.web.context.SecurityContextPersistenceFilter@5e681097, org.springframework.security.web.header.HeaderWriterFilter@131d977f, org.springframework.security.web.authentication.logout.LogoutFilter@1b632442, org.springframework.security.web.authentication.www.BasicAuthenticationFilter@684b26b7, org.springframework.security.web.savedrequest.RequestCacheAwareFilter@1d2c253, org.springframework.security.web.servletapi.SecurityContextHolderAwareRequestFilter@1ae9d0e4, org.springframework.security.web.authentication.AnonymousAuthenticationFilter@799fb45e, org.springframework.security.web.session.SessionManagementFilter@9d3a7a1, org.springframework.security.web.access.ExceptionTranslationFilter@49cceb19, org.springframework.security.web.access.intercept.FilterSecurityInterceptor@fd69983]
2020-01-23 05:33:42.405  INFO 19072 --- [main] o.s.s.web.DefaultSecurityFilterChain     : Creating filter chain: any request, [org.springframework.security.web.context.request.async.WebAsyncManagerIntegrationFilter@a7bbdbc, org.springframework.security.web.context.SecurityContextPersistenceFilter@4ffa078d, org.springframework.security.web.header.HeaderWriterFilter@6ffc6ea7, org.springframework.security.web.authentication.logout.LogoutFilter@49fe0bcd, org.springframework.security.web.savedrequest.RequestCacheAwareFilter@4e26564d, org.springframework.security.web.servletapi.SecurityContextHolderAwareRequestFilter@42238078, org.springframework.security.web.authentication.AnonymousAuthenticationFilter@63eea8c4, org.springframework.security.web.session.SessionManagementFilter@2c5708e7, org.springframework.security.web.access.ExceptionTranslationFilter@2374452a, org.springframework.security.web.access.intercept.FilterSecurityInterceptor@141dfcf9]
2020-01-23 05:33:42.782  INFO 19072 --- [main] o.s.s.concurrent.ThreadPoolTaskExecutor  : Initializing ExecutorService 'applicationTaskExecutor'
2020-01-23 05:33:43.134  INFO 19072 --- [main] o.s.b.w.embedded.tomcat.TomcatWebServer  : Tomcat started on port(s): 8081 (http) with context path ''
2020-01-23 05:33:43.138  INFO 19072 --- [main] OAuth2JwtAuthorizationServer3Application : Started SpringBootOAuth2JwtAuthorizationServer3Application in 12.177 seconds (JVM running for 12.731)
2020-01-23 05:33:45.733  INFO 19072 --- [http-nio-8081-exec-1] o.a.c.c.C.[Tomcat].[localhost].[/]       : Initializing Spring DispatcherServlet 'dispatcherServlet'
2020-01-23 05:33:45.733  INFO 19072 --- [http-nio-8081-exec-1] o.s.web.servlet.DispatcherServlet        : Initializing Servlet 'dispatcherServlet'
2020-01-23 05:33:45.744  INFO 19072 --- [http-nio-8081-exec-1] o.s.web.servlet.DispatcherServlet        : Completed initialization in 10 ms
2020-01-23 05:35:29.383  INFO 12352 --- [main] OAuth2JwtAuthorizationServer3Application : Starting SpringBootOAuth2JwtAuthorizationServer3Application on DESKTOP-Q9J85N7 with PID 12352 (C:\Users\PARSA\eclipse-workspace\SpringBootOAuth2JwtAuthorizationServer-3\target\classes started by PARSA in C:\Users\PARSA\eclipse-workspace\SpringBootOAuth2JwtAuthorizationServer-3)
2020-01-23 05:35:29.387  INFO 12352 --- [main] OAuth2JwtAuthorizationServer3Application : No active profile set, falling back to default profiles: default
2020-01-23 05:35:30.450  INFO 12352 --- [main] .s.d.r.c.RepositoryConfigurationDelegate : Bootstrapping Spring Data JPA repositories in DEFAULT mode.
2020-01-23 05:35:30.549  INFO 12352 --- [main] .s.d.r.c.RepositoryConfigurationDelegate : Finished Spring Data repository scanning in 83ms. Found 2 JPA repository interfaces.
2020-01-23 05:35:31.135  INFO 12352 --- [main] trationDelegate$BeanPostProcessorChecker : Bean 'org.springframework.transaction.annotation.ProxyTransactionManagementConfiguration' of type [org.springframework.transaction.annotation.ProxyTransactionManagementConfiguration] is not eligible for getting processed by all BeanPostProcessors (for example: not eligible for auto-proxying)
2020-01-23 05:35:31.300  INFO 12352 --- [main] trationDelegate$BeanPostProcessorChecker : Bean 'org.springframework.security.config.annotation.configuration.ObjectPostProcessorConfiguration' of type [org.springframework.security.config.annotation.configuration.ObjectPostProcessorConfiguration] is not eligible for getting processed by all BeanPostProcessors (for example: not eligible for auto-proxying)
2020-01-23 05:35:31.307  INFO 12352 --- [main] trationDelegate$BeanPostProcessorChecker : Bean 'objectPostProcessor' of type [org.springframework.security.config.annotation.configuration.AutowireBeanFactoryObjectPostProcessor] is not eligible for getting processed by all BeanPostProcessors (for example: not eligible for auto-proxying)
2020-01-23 05:35:31.312  INFO 12352 --- [main] trationDelegate$BeanPostProcessorChecker : Bean 'org.springframework.security.access.expression.method.DefaultMethodSecurityExpressionHandler@4390f46e' of type [org.springframework.security.oauth2.provider.expression.OAuth2MethodSecurityExpressionHandler] is not eligible for getting processed by all BeanPostProcessors (for example: not eligible for auto-proxying)
2020-01-23 05:35:31.317  INFO 12352 --- [main] trationDelegate$BeanPostProcessorChecker : Bean 'org.springframework.security.config.annotation.method.configuration.GlobalMethodSecurityConfiguration' of type [org.springframework.security.config.annotation.method.configuration.GlobalMethodSecurityConfiguration] is not eligible for getting processed by all BeanPostProcessors (for example: not eligible for auto-proxying)
2020-01-23 05:35:31.324  INFO 12352 --- [main] trationDelegate$BeanPostProcessorChecker : Bean 'methodSecurityMetadataSource' of type [org.springframework.security.access.method.DelegatingMethodSecurityMetadataSource] is not eligible for getting processed by all BeanPostProcessors (for example: not eligible for auto-proxying)
2020-01-23 05:35:32.399  INFO 12352 --- [main] o.s.b.w.embedded.tomcat.TomcatWebServer  : Tomcat initialized with port(s): 8081 (http)
2020-01-23 05:35:32.415  INFO 12352 --- [main] o.apache.catalina.core.StandardService   : Starting service [Tomcat]
2020-01-23 05:35:32.416  INFO 12352 --- [main] org.apache.catalina.core.StandardEngine  : Starting Servlet engine: [Apache Tomcat/9.0.30]
2020-01-23 05:35:32.580  INFO 12352 --- [main] o.a.c.c.C.[Tomcat].[localhost].[/]       : Initializing Spring embedded WebApplicationContext
2020-01-23 05:35:32.580  INFO 12352 --- [main] o.s.web.context.ContextLoader            : Root WebApplicationContext: initialization completed in 3133 ms
2020-01-23 05:35:32.939  INFO 12352 --- [main] o.hibernate.jpa.internal.util.LogHelper  : HHH000204: Processing PersistenceUnitInfo [name: default]
2020-01-23 05:35:33.036  INFO 12352 --- [main] org.hibernate.Version                    : HHH000412: Hibernate Core {5.4.10.Final}
2020-01-23 05:35:33.209  INFO 12352 --- [main] o.hibernate.annotations.common.Version   : HCANN000001: Hibernate Commons Annotations {5.1.0.Final}
2020-01-23 05:35:33.342  INFO 12352 --- [main] com.zaxxer.hikari.HikariDataSource       : HikariPool-1 - Starting...
2020-01-23 05:35:34.383  INFO 12352 --- [main] com.zaxxer.hikari.HikariDataSource       : HikariPool-1 - Start completed.
2020-01-23 05:35:34.413  INFO 12352 --- [main] org.hibernate.dialect.Dialect            : HHH000400: Using dialect: org.hibernate.dialect.MySQL57Dialect
2020-01-23 05:35:35.668  INFO 12352 --- [main] o.h.e.t.j.p.i.JtaPlatformInitiator       : HHH000490: Using JtaPlatform implementation: [org.hibernate.engine.transaction.jta.platform.internal.NoJtaPlatform]
2020-01-23 05:35:35.678  INFO 12352 --- [main] j.LocalContainerEntityManagerFactoryBean : Initialized JPA EntityManagerFactory for persistence unit 'default'
2020-01-23 05:35:36.444  WARN 12352 --- [main] JpaBaseConfiguration$JpaWebConfiguration : spring.jpa.open-in-view is enabled by default. Therefore, database queries may be performed during view rendering. Explicitly configure spring.jpa.open-in-view to disable this warning
2020-01-23 05:35:37.422  INFO 12352 --- [main] o.s.s.web.DefaultSecurityFilterChain     : Creating filter chain: OrRequestMatcher [requestMatchers=[Ant [pattern='/oauth/token'], Ant [pattern='/oauth/token_key'], Ant [pattern='/oauth/check_token']]], [org.springframework.security.web.context.request.async.WebAsyncManagerIntegrationFilter@684b26b7, org.springframework.security.web.context.SecurityContextPersistenceFilter@43d6262c, org.springframework.security.web.header.HeaderWriterFilter@1f75fd1d, org.springframework.security.web.authentication.logout.LogoutFilter@647ff23e, org.springframework.security.web.authentication.www.BasicAuthenticationFilter@45b8bbbf, org.springframework.security.web.savedrequest.RequestCacheAwareFilter@38cf4497, org.springframework.security.web.servletapi.SecurityContextHolderAwareRequestFilter@15a484a9, org.springframework.security.web.authentication.AnonymousAuthenticationFilter@2de7c84a, org.springframework.security.web.session.SessionManagementFilter@4f552aa2, org.springframework.security.web.access.ExceptionTranslationFilter@5fe3b058, org.springframework.security.web.access.intercept.FilterSecurityInterceptor@7c682e26]
2020-01-23 05:35:37.430  INFO 12352 --- [main] o.s.s.web.DefaultSecurityFilterChain     : Creating filter chain: any request, [org.springframework.security.web.context.request.async.WebAsyncManagerIntegrationFilter@3516b881, org.springframework.security.web.context.SecurityContextPersistenceFilter@299cab08, org.springframework.security.web.header.HeaderWriterFilter@3f4964f2, org.springframework.security.web.authentication.logout.LogoutFilter@6ffc6ea7, org.springframework.security.web.savedrequest.RequestCacheAwareFilter@6c75e3bc, org.springframework.security.web.servletapi.SecurityContextHolderAwareRequestFilter@186f7434, org.springframework.security.web.authentication.AnonymousAuthenticationFilter@6be8ce1b, org.springframework.security.web.session.SessionManagementFilter@3bf01a01, org.springframework.security.web.access.ExceptionTranslationFilter@5b23c1f6, org.springframework.security.web.access.intercept.FilterSecurityInterceptor@49fe0bcd]
2020-01-23 05:35:37.690  INFO 12352 --- [main] o.s.s.concurrent.ThreadPoolTaskExecutor  : Initializing ExecutorService 'applicationTaskExecutor'
2020-01-23 05:35:38.001  INFO 12352 --- [main] o.s.b.w.embedded.tomcat.TomcatWebServer  : Tomcat started on port(s): 8081 (http) with context path ''
2020-01-23 05:35:38.004  INFO 12352 --- [main] OAuth2JwtAuthorizationServer3Application : Started SpringBootOAuth2JwtAuthorizationServer3Application in 9.166 seconds (JVM running for 9.662)
2020-01-23 05:35:44.714  INFO 12352 --- [http-nio-8081-exec-1] o.a.c.c.C.[Tomcat].[localhost].[/]       : Initializing Spring DispatcherServlet 'dispatcherServlet'
2020-01-23 05:35:44.714  INFO 12352 --- [http-nio-8081-exec-1] o.s.web.servlet.DispatcherServlet        : Initializing Servlet 'dispatcherServlet'
2020-01-23 05:35:44.725  INFO 12352 --- [http-nio-8081-exec-1] o.s.web.servlet.DispatcherServlet        : Completed initialization in 11 ms
2020-01-23 05:38:27.470  INFO 19292 --- [main] OAuth2JwtAuthorizationServer3Application : Starting SpringBootOAuth2JwtAuthorizationServer3Application on DESKTOP-Q9J85N7 with PID 19292 (C:\Users\PARSA\eclipse-workspace\SpringBootOAuth2JwtAuthorizationServer-3\target\classes started by PARSA in C:\Users\PARSA\eclipse-workspace\SpringBootOAuth2JwtAuthorizationServer-3)
2020-01-23 05:38:27.473  INFO 19292 --- [main] OAuth2JwtAuthorizationServer3Application : No active profile set, falling back to default profiles: default
2020-01-23 05:38:28.545  INFO 19292 --- [main] .s.d.r.c.RepositoryConfigurationDelegate : Bootstrapping Spring Data JPA repositories in DEFAULT mode.
2020-01-23 05:38:28.645  INFO 19292 --- [main] .s.d.r.c.RepositoryConfigurationDelegate : Finished Spring Data repository scanning in 84ms. Found 2 JPA repository interfaces.
2020-01-23 05:38:29.351  INFO 19292 --- [main] trationDelegate$BeanPostProcessorChecker : Bean 'org.springframework.transaction.annotation.ProxyTransactionManagementConfiguration' of type [org.springframework.transaction.annotation.ProxyTransactionManagementConfiguration] is not eligible for getting processed by all BeanPostProcessors (for example: not eligible for auto-proxying)
2020-01-23 05:38:29.541  INFO 19292 --- [main] trationDelegate$BeanPostProcessorChecker : Bean 'org.springframework.security.config.annotation.configuration.ObjectPostProcessorConfiguration' of type [org.springframework.security.config.annotation.configuration.ObjectPostProcessorConfiguration] is not eligible for getting processed by all BeanPostProcessors (for example: not eligible for auto-proxying)
2020-01-23 05:38:29.549  INFO 19292 --- [main] trationDelegate$BeanPostProcessorChecker : Bean 'objectPostProcessor' of type [org.springframework.security.config.annotation.configuration.AutowireBeanFactoryObjectPostProcessor] is not eligible for getting processed by all BeanPostProcessors (for example: not eligible for auto-proxying)
2020-01-23 05:38:29.556  INFO 19292 --- [main] trationDelegate$BeanPostProcessorChecker : Bean 'org.springframework.security.access.expression.method.DefaultMethodSecurityExpressionHandler@70242f38' of type [org.springframework.security.oauth2.provider.expression.OAuth2MethodSecurityExpressionHandler] is not eligible for getting processed by all BeanPostProcessors (for example: not eligible for auto-proxying)
2020-01-23 05:38:29.561  INFO 19292 --- [main] trationDelegate$BeanPostProcessorChecker : Bean 'org.springframework.security.config.annotation.method.configuration.GlobalMethodSecurityConfiguration' of type [org.springframework.security.config.annotation.method.configuration.GlobalMethodSecurityConfiguration] is not eligible for getting processed by all BeanPostProcessors (for example: not eligible for auto-proxying)
2020-01-23 05:38:29.571  INFO 19292 --- [main] trationDelegate$BeanPostProcessorChecker : Bean 'methodSecurityMetadataSource' of type [org.springframework.security.access.method.DelegatingMethodSecurityMetadataSource] is not eligible for getting processed by all BeanPostProcessors (for example: not eligible for auto-proxying)
2020-01-23 05:38:30.906  INFO 19292 --- [main] o.s.b.w.embedded.tomcat.TomcatWebServer  : Tomcat initialized with port(s): 8081 (http)
2020-01-23 05:38:30.918  INFO 19292 --- [main] o.apache.catalina.core.StandardService   : Starting service [Tomcat]
2020-01-23 05:38:30.919  INFO 19292 --- [main] org.apache.catalina.core.StandardEngine  : Starting Servlet engine: [Apache Tomcat/9.0.30]
2020-01-23 05:38:31.058  INFO 19292 --- [main] o.a.c.c.C.[Tomcat].[localhost].[/]       : Initializing Spring embedded WebApplicationContext
2020-01-23 05:38:31.059  INFO 19292 --- [main] o.s.web.context.ContextLoader            : Root WebApplicationContext: initialization completed in 3520 ms
2020-01-23 05:38:31.495  INFO 19292 --- [main] o.hibernate.jpa.internal.util.LogHelper  : HHH000204: Processing PersistenceUnitInfo [name: default]
2020-01-23 05:38:31.580  INFO 19292 --- [main] org.hibernate.Version                    : HHH000412: Hibernate Core {5.4.10.Final}
2020-01-23 05:38:31.762  INFO 19292 --- [main] o.hibernate.annotations.common.Version   : HCANN000001: Hibernate Commons Annotations {5.1.0.Final}
2020-01-23 05:38:31.906  INFO 19292 --- [main] com.zaxxer.hikari.HikariDataSource       : HikariPool-1 - Starting...
2020-01-23 05:38:32.905  INFO 19292 --- [main] com.zaxxer.hikari.HikariDataSource       : HikariPool-1 - Start completed.
2020-01-23 05:38:32.934  INFO 19292 --- [main] org.hibernate.dialect.Dialect            : HHH000400: Using dialect: org.hibernate.dialect.MySQL57Dialect
2020-01-23 05:38:34.126  INFO 19292 --- [main] o.h.e.t.j.p.i.JtaPlatformInitiator       : HHH000490: Using JtaPlatform implementation: [org.hibernate.engine.transaction.jta.platform.internal.NoJtaPlatform]
2020-01-23 05:38:34.134  INFO 19292 --- [main] j.LocalContainerEntityManagerFactoryBean : Initialized JPA EntityManagerFactory for persistence unit 'default'
2020-01-23 05:38:34.948  WARN 19292 --- [main] JpaBaseConfiguration$JpaWebConfiguration : spring.jpa.open-in-view is enabled by default. Therefore, database queries may be performed during view rendering. Explicitly configure spring.jpa.open-in-view to disable this warning
2020-01-23 05:38:35.863  INFO 19292 --- [main] o.s.s.web.DefaultSecurityFilterChain     : Creating filter chain: OrRequestMatcher [requestMatchers=[Ant [pattern='/oauth/token'], Ant [pattern='/oauth/token_key'], Ant [pattern='/oauth/check_token']]], [org.springframework.security.web.context.request.async.WebAsyncManagerIntegrationFilter@2de7c84a, org.springframework.security.web.context.SecurityContextPersistenceFilter@5e2975ca, org.springframework.security.web.header.HeaderWriterFilter@212e39ee, org.springframework.security.web.authentication.logout.LogoutFilter@6a04d2a4, org.springframework.security.web.authentication.www.BasicAuthenticationFilter@1df06ecd, org.springframework.security.web.savedrequest.RequestCacheAwareFilter@7b4619a3, org.springframework.security.web.servletapi.SecurityContextHolderAwareRequestFilter@b56c222, org.springframework.security.web.authentication.AnonymousAuthenticationFilter@4182a651, org.springframework.security.web.session.SessionManagementFilter@3c8fe8ad, org.springframework.security.web.access.ExceptionTranslationFilter@2a661215, org.springframework.security.web.access.intercept.FilterSecurityInterceptor@4ff074a0]
2020-01-23 05:38:35.871  INFO 19292 --- [main] o.s.s.web.DefaultSecurityFilterChain     : Creating filter chain: any request, [org.springframework.security.web.context.request.async.WebAsyncManagerIntegrationFilter@6be8ce1b, org.springframework.security.web.context.SecurityContextPersistenceFilter@6c75e3bc, org.springframework.security.web.header.HeaderWriterFilter@3bf01a01, org.springframework.security.web.authentication.logout.LogoutFilter@2c5708e7, org.springframework.security.web.savedrequest.RequestCacheAwareFilter@186f7434, org.springframework.security.web.servletapi.SecurityContextHolderAwareRequestFilter@2374452a, org.springframework.security.web.authentication.AnonymousAuthenticationFilter@e3c36d, org.springframework.security.web.session.SessionManagementFilter@299cab08, org.springframework.security.web.access.ExceptionTranslationFilter@3f4964f2, org.springframework.security.web.access.intercept.FilterSecurityInterceptor@3516b881]
2020-01-23 05:38:36.095  INFO 19292 --- [main] o.s.s.concurrent.ThreadPoolTaskExecutor  : Initializing ExecutorService 'applicationTaskExecutor'
2020-01-23 05:38:36.428  INFO 19292 --- [main] o.s.b.w.embedded.tomcat.TomcatWebServer  : Tomcat started on port(s): 8081 (http) with context path ''
2020-01-23 05:38:36.431  INFO 19292 --- [main] OAuth2JwtAuthorizationServer3Application : Started SpringBootOAuth2JwtAuthorizationServer3Application in 9.557 seconds (JVM running for 10.288)
2020-01-23 05:38:40.209  INFO 19292 --- [http-nio-8081-exec-2] o.a.c.c.C.[Tomcat].[localhost].[/]       : Initializing Spring DispatcherServlet 'dispatcherServlet'
2020-01-23 05:38:40.209  INFO 19292 --- [http-nio-8081-exec-2] o.s.web.servlet.DispatcherServlet        : Initializing Servlet 'dispatcherServlet'
2020-01-23 05:38:40.226  INFO 19292 --- [http-nio-8081-exec-2] o.s.web.servlet.DispatcherServlet        : Completed initialization in 17 ms
2020-01-23 05:40:31.934  INFO 17532 --- [main] OAuth2JwtAuthorizationServer3Application : Starting SpringBootOAuth2JwtAuthorizationServer3Application on DESKTOP-Q9J85N7 with PID 17532 (C:\Users\PARSA\eclipse-workspace\SpringBootOAuth2JwtAuthorizationServer-3\target\classes started by PARSA in C:\Users\PARSA\eclipse-workspace\SpringBootOAuth2JwtAuthorizationServer-3)
2020-01-23 05:40:31.937  INFO 17532 --- [main] OAuth2JwtAuthorizationServer3Application : No active profile set, falling back to default profiles: default
2020-01-23 05:40:33.019  INFO 17532 --- [main] .s.d.r.c.RepositoryConfigurationDelegate : Bootstrapping Spring Data JPA repositories in DEFAULT mode.
2020-01-23 05:40:33.106  INFO 17532 --- [main] .s.d.r.c.RepositoryConfigurationDelegate : Finished Spring Data repository scanning in 76ms. Found 2 JPA repository interfaces.
2020-01-23 05:40:33.730  INFO 17532 --- [main] trationDelegate$BeanPostProcessorChecker : Bean 'org.springframework.transaction.annotation.ProxyTransactionManagementConfiguration' of type [org.springframework.transaction.annotation.ProxyTransactionManagementConfiguration] is not eligible for getting processed by all BeanPostProcessors (for example: not eligible for auto-proxying)
2020-01-23 05:40:33.851  INFO 17532 --- [main] trationDelegate$BeanPostProcessorChecker : Bean 'org.springframework.security.config.annotation.configuration.ObjectPostProcessorConfiguration' of type [org.springframework.security.config.annotation.configuration.ObjectPostProcessorConfiguration] is not eligible for getting processed by all BeanPostProcessors (for example: not eligible for auto-proxying)
2020-01-23 05:40:33.857  INFO 17532 --- [main] trationDelegate$BeanPostProcessorChecker : Bean 'objectPostProcessor' of type [org.springframework.security.config.annotation.configuration.AutowireBeanFactoryObjectPostProcessor] is not eligible for getting processed by all BeanPostProcessors (for example: not eligible for auto-proxying)
2020-01-23 05:40:33.861  INFO 17532 --- [main] trationDelegate$BeanPostProcessorChecker : Bean 'org.springframework.security.access.expression.method.DefaultMethodSecurityExpressionHandler@12f8b1d8' of type [org.springframework.security.oauth2.provider.expression.OAuth2MethodSecurityExpressionHandler] is not eligible for getting processed by all BeanPostProcessors (for example: not eligible for auto-proxying)
2020-01-23 05:40:33.864  INFO 17532 --- [main] trationDelegate$BeanPostProcessorChecker : Bean 'org.springframework.security.config.annotation.method.configuration.GlobalMethodSecurityConfiguration' of type [org.springframework.security.config.annotation.method.configuration.GlobalMethodSecurityConfiguration] is not eligible for getting processed by all BeanPostProcessors (for example: not eligible for auto-proxying)
2020-01-23 05:40:33.869  INFO 17532 --- [main] trationDelegate$BeanPostProcessorChecker : Bean 'methodSecurityMetadataSource' of type [org.springframework.security.access.method.DelegatingMethodSecurityMetadataSource] is not eligible for getting processed by all BeanPostProcessors (for example: not eligible for auto-proxying)
2020-01-23 05:40:35.475  INFO 17532 --- [main] o.s.b.w.embedded.tomcat.TomcatWebServer  : Tomcat initialized with port(s): 8081 (http)
2020-01-23 05:40:35.488  INFO 17532 --- [main] o.apache.catalina.core.StandardService   : Starting service [Tomcat]
2020-01-23 05:40:35.488  INFO 17532 --- [main] org.apache.catalina.core.StandardEngine  : Starting Servlet engine: [Apache Tomcat/9.0.30]
2020-01-23 05:40:35.637  INFO 17532 --- [main] o.a.c.c.C.[Tomcat].[localhost].[/]       : Initializing Spring embedded WebApplicationContext
2020-01-23 05:40:35.638  INFO 17532 --- [main] o.s.web.context.ContextLoader            : Root WebApplicationContext: initialization completed in 3643 ms
2020-01-23 05:40:36.017  INFO 17532 --- [main] o.hibernate.jpa.internal.util.LogHelper  : HHH000204: Processing PersistenceUnitInfo [name: default]
2020-01-23 05:40:36.133  INFO 17532 --- [main] org.hibernate.Version                    : HHH000412: Hibernate Core {5.4.10.Final}
2020-01-23 05:40:36.354  INFO 17532 --- [main] o.hibernate.annotations.common.Version   : HCANN000001: Hibernate Commons Annotations {5.1.0.Final}
2020-01-23 05:40:36.488  INFO 17532 --- [main] com.zaxxer.hikari.HikariDataSource       : HikariPool-1 - Starting...
2020-01-23 05:40:37.483  INFO 17532 --- [main] com.zaxxer.hikari.HikariDataSource       : HikariPool-1 - Start completed.
2020-01-23 05:40:37.518  INFO 17532 --- [main] org.hibernate.dialect.Dialect            : HHH000400: Using dialect: org.hibernate.dialect.MySQL57Dialect
2020-01-23 05:40:38.845  INFO 17532 --- [main] o.h.e.t.j.p.i.JtaPlatformInitiator       : HHH000490: Using JtaPlatform implementation: [org.hibernate.engine.transaction.jta.platform.internal.NoJtaPlatform]
2020-01-23 05:40:38.854  INFO 17532 --- [main] j.LocalContainerEntityManagerFactoryBean : Initialized JPA EntityManagerFactory for persistence unit 'default'
2020-01-23 05:40:39.660  WARN 17532 --- [main] JpaBaseConfiguration$JpaWebConfiguration : spring.jpa.open-in-view is enabled by default. Therefore, database queries may be performed during view rendering. Explicitly configure spring.jpa.open-in-view to disable this warning
2020-01-23 05:40:40.871  INFO 17532 --- [main] o.s.s.web.DefaultSecurityFilterChain     : Creating filter chain: OrRequestMatcher [requestMatchers=[Ant [pattern='/oauth/token'], Ant [pattern='/oauth/token_key'], Ant [pattern='/oauth/check_token']]], [org.springframework.security.web.context.request.async.WebAsyncManagerIntegrationFilter@186f7434, org.springframework.security.web.context.SecurityContextPersistenceFilter@41bd6a0f, org.springframework.security.web.header.HeaderWriterFilter@9d3a7a1, org.springframework.security.web.authentication.logout.LogoutFilter@24de63b, org.springframework.security.web.authentication.www.BasicAuthenticationFilter@4f7ba0af, org.springframework.security.web.savedrequest.RequestCacheAwareFilter@6acb45c1, org.springframework.security.web.servletapi.SecurityContextHolderAwareRequestFilter@2c0fefac, org.springframework.security.web.authentication.AnonymousAuthenticationFilter@2374452a, org.springframework.security.web.session.SessionManagementFilter@4df7b4ac, org.springframework.security.web.access.ExceptionTranslationFilter@38cf4497, org.springframework.security.web.access.intercept.FilterSecurityInterceptor@1df06ecd]
2020-01-23 05:40:40.879  INFO 17532 --- [main] o.s.s.web.DefaultSecurityFilterChain     : Creating filter chain: any request, [org.springframework.security.web.context.request.async.WebAsyncManagerIntegrationFilter@71285693, org.springframework.security.web.context.SecurityContextPersistenceFilter@397a10df, org.springframework.security.web.header.HeaderWriterFilter@6be8ce1b, org.springframework.security.web.authentication.logout.LogoutFilter@63eea8c4, org.springframework.security.web.savedrequest.RequestCacheAwareFilter@39a865c1, org.springframework.security.web.servletapi.SecurityContextHolderAwareRequestFilter@141dfcf9, org.springframework.security.web.authentication.AnonymousAuthenticationFilter@3199a202, org.springframework.security.web.session.SessionManagementFilter@e3c36d, org.springframework.security.web.access.ExceptionTranslationFilter@3516b881, org.springframework.security.web.access.intercept.FilterSecurityInterceptor@56f72909]
2020-01-23 05:40:41.137  INFO 17532 --- [main] o.s.s.concurrent.ThreadPoolTaskExecutor  : Initializing ExecutorService 'applicationTaskExecutor'
2020-01-23 05:40:41.450  INFO 17532 --- [main] o.s.b.w.embedded.tomcat.TomcatWebServer  : Tomcat started on port(s): 8081 (http) with context path ''
2020-01-23 05:40:41.453  INFO 17532 --- [main] OAuth2JwtAuthorizationServer3Application : Started SpringBootOAuth2JwtAuthorizationServer3Application in 10.102 seconds (JVM running for 10.58)
2020-01-23 05:40:44.719  INFO 17532 --- [http-nio-8081-exec-2] o.a.c.c.C.[Tomcat].[localhost].[/]       : Initializing Spring DispatcherServlet 'dispatcherServlet'
2020-01-23 05:40:44.719  INFO 17532 --- [http-nio-8081-exec-2] o.s.web.servlet.DispatcherServlet        : Initializing Servlet 'dispatcherServlet'
2020-01-23 05:40:44.729  INFO 17532 --- [http-nio-8081-exec-2] o.s.web.servlet.DispatcherServlet        : Completed initialization in 9 ms
2020-01-23 05:44:25.480  INFO 15628 --- [main] OAuth2JwtAuthorizationServer3Application : Starting SpringBootOAuth2JwtAuthorizationServer3Application on DESKTOP-Q9J85N7 with PID 15628 (C:\Users\PARSA\eclipse-workspace\SpringBootOAuth2JwtAuthorizationServer-3\target\classes started by PARSA in C:\Users\PARSA\eclipse-workspace\SpringBootOAuth2JwtAuthorizationServer-3)
2020-01-23 05:44:25.484  INFO 15628 --- [main] OAuth2JwtAuthorizationServer3Application : No active profile set, falling back to default profiles: default
2020-01-23 05:45:03.439  INFO 14912 --- [main] OAuth2JwtAuthorizationServer3Application : Starting SpringBootOAuth2JwtAuthorizationServer3Application on DESKTOP-Q9J85N7 with PID 14912 (C:\Users\PARSA\eclipse-workspace\SpringBootOAuth2JwtAuthorizationServer-3\target\classes started by PARSA in C:\Users\PARSA\eclipse-workspace\SpringBootOAuth2JwtAuthorizationServer-3)
2020-01-23 05:45:03.444  INFO 14912 --- [main] OAuth2JwtAuthorizationServer3Application : No active profile set, falling back to default profiles: default
2020-01-23 05:45:04.524  INFO 14912 --- [main] .s.d.r.c.RepositoryConfigurationDelegate : Bootstrapping Spring Data JPA repositories in DEFAULT mode.
2020-01-23 05:45:04.628  INFO 14912 --- [main] .s.d.r.c.RepositoryConfigurationDelegate : Finished Spring Data repository scanning in 91ms. Found 2 JPA repository interfaces.
2020-01-23 05:45:05.260  INFO 14912 --- [main] trationDelegate$BeanPostProcessorChecker : Bean 'org.springframework.transaction.annotation.ProxyTransactionManagementConfiguration' of type [org.springframework.transaction.annotation.ProxyTransactionManagementConfiguration] is not eligible for getting processed by all BeanPostProcessors (for example: not eligible for auto-proxying)
2020-01-23 05:45:05.387  INFO 14912 --- [main] trationDelegate$BeanPostProcessorChecker : Bean 'org.springframework.security.config.annotation.configuration.ObjectPostProcessorConfiguration' of type [org.springframework.security.config.annotation.configuration.ObjectPostProcessorConfiguration] is not eligible for getting processed by all BeanPostProcessors (for example: not eligible for auto-proxying)
2020-01-23 05:45:05.393  INFO 14912 --- [main] trationDelegate$BeanPostProcessorChecker : Bean 'objectPostProcessor' of type [org.springframework.security.config.annotation.configuration.AutowireBeanFactoryObjectPostProcessor] is not eligible for getting processed by all BeanPostProcessors (for example: not eligible for auto-proxying)
2020-01-23 05:45:05.399  INFO 14912 --- [main] trationDelegate$BeanPostProcessorChecker : Bean 'org.springframework.security.access.expression.method.DefaultMethodSecurityExpressionHandler@515ebef3' of type [org.springframework.security.oauth2.provider.expression.OAuth2MethodSecurityExpressionHandler] is not eligible for getting processed by all BeanPostProcessors (for example: not eligible for auto-proxying)
2020-01-23 05:45:05.401  INFO 14912 --- [main] trationDelegate$BeanPostProcessorChecker : Bean 'org.springframework.security.config.annotation.method.configuration.GlobalMethodSecurityConfiguration' of type [org.springframework.security.config.annotation.method.configuration.GlobalMethodSecurityConfiguration] is not eligible for getting processed by all BeanPostProcessors (for example: not eligible for auto-proxying)
2020-01-23 05:45:05.406  INFO 14912 --- [main] trationDelegate$BeanPostProcessorChecker : Bean 'methodSecurityMetadataSource' of type [org.springframework.security.access.method.DelegatingMethodSecurityMetadataSource] is not eligible for getting processed by all BeanPostProcessors (for example: not eligible for auto-proxying)
2020-01-23 05:45:06.502  INFO 14912 --- [main] o.s.b.w.embedded.tomcat.TomcatWebServer  : Tomcat initialized with port(s): 8081 (http)
2020-01-23 05:45:06.518  INFO 14912 --- [main] o.apache.catalina.core.StandardService   : Starting service [Tomcat]
2020-01-23 05:45:06.519  INFO 14912 --- [main] org.apache.catalina.core.StandardEngine  : Starting Servlet engine: [Apache Tomcat/9.0.30]
2020-01-23 05:45:06.732  INFO 14912 --- [main] o.a.c.c.C.[Tomcat].[localhost].[/]       : Initializing Spring embedded WebApplicationContext
2020-01-23 05:45:06.733  INFO 14912 --- [main] o.s.web.context.ContextLoader            : Root WebApplicationContext: initialization completed in 3227 ms
2020-01-23 05:45:07.136  INFO 14912 --- [main] o.hibernate.jpa.internal.util.LogHelper  : HHH000204: Processing PersistenceUnitInfo [name: default]
2020-01-23 05:45:07.243  INFO 14912 --- [main] org.hibernate.Version                    : HHH000412: Hibernate Core {5.4.10.Final}
2020-01-23 05:45:07.436  INFO 14912 --- [main] o.hibernate.annotations.common.Version   : HCANN000001: Hibernate Commons Annotations {5.1.0.Final}
2020-01-23 05:45:07.585  INFO 14912 --- [main] com.zaxxer.hikari.HikariDataSource       : HikariPool-1 - Starting...
2020-01-23 05:45:08.620  INFO 14912 --- [main] com.zaxxer.hikari.HikariDataSource       : HikariPool-1 - Start completed.
2020-01-23 05:45:08.652  INFO 14912 --- [main] org.hibernate.dialect.Dialect            : HHH000400: Using dialect: org.hibernate.dialect.MySQL57Dialect
2020-01-23 05:45:09.998  INFO 14912 --- [main] o.h.e.t.j.p.i.JtaPlatformInitiator       : HHH000490: Using JtaPlatform implementation: [org.hibernate.engine.transaction.jta.platform.internal.NoJtaPlatform]
2020-01-23 05:45:10.006  INFO 14912 --- [main] j.LocalContainerEntityManagerFactoryBean : Initialized JPA EntityManagerFactory for persistence unit 'default'
2020-01-23 05:45:10.797  WARN 14912 --- [main] JpaBaseConfiguration$JpaWebConfiguration : spring.jpa.open-in-view is enabled by default. Therefore, database queries may be performed during view rendering. Explicitly configure spring.jpa.open-in-view to disable this warning
2020-01-23 05:45:11.686  INFO 14912 --- [main] o.s.s.web.DefaultSecurityFilterChain     : Creating filter chain: OrRequestMatcher [requestMatchers=[Ant [pattern='/oauth/token'], Ant [pattern='/oauth/token_key'], Ant [pattern='/oauth/check_token']]], [org.springframework.security.web.context.request.async.WebAsyncManagerIntegrationFilter@46de118b, org.springframework.security.web.context.SecurityContextPersistenceFilter@9d3a7a1, org.springframework.security.web.header.HeaderWriterFilter@49cceb19, org.springframework.security.web.authentication.logout.LogoutFilter@2dde0a34, org.springframework.security.web.authentication.www.BasicAuthenticationFilter@32dbca45, org.springframework.security.web.savedrequest.RequestCacheAwareFilter@5e681097, org.springframework.security.web.servletapi.SecurityContextHolderAwareRequestFilter@7c47e077, org.springframework.security.web.authentication.AnonymousAuthenticationFilter@55682482, org.springframework.security.web.session.SessionManagementFilter@38cf4497, org.springframework.security.web.access.ExceptionTranslationFilter@638d2ce3, org.springframework.security.web.access.intercept.FilterSecurityInterceptor@98722ef]
2020-01-23 05:45:11.693  INFO 14912 --- [main] o.s.s.web.DefaultSecurityFilterChain     : Creating filter chain: any request, [org.springframework.security.web.context.request.async.WebAsyncManagerIntegrationFilter@39a865c1, org.springframework.security.web.context.SecurityContextPersistenceFilter@6ffc6ea7, org.springframework.security.web.header.HeaderWriterFilter@186f7434, org.springframework.security.web.authentication.logout.LogoutFilter@42238078, org.springframework.security.web.savedrequest.RequestCacheAwareFilter@2c5708e7, org.springframework.security.web.servletapi.SecurityContextHolderAwareRequestFilter@4ffa078d, org.springframework.security.web.authentication.AnonymousAuthenticationFilter@141dfcf9, org.springframework.security.web.session.SessionManagementFilter@2374452a, org.springframework.security.web.access.ExceptionTranslationFilter@6c75e3bc, org.springframework.security.web.access.intercept.FilterSecurityInterceptor@397a10df]
2020-01-23 05:45:12.038  INFO 14912 --- [main] o.s.s.concurrent.ThreadPoolTaskExecutor  : Initializing ExecutorService 'applicationTaskExecutor'
2020-01-23 05:45:12.459  INFO 14912 --- [main] o.s.b.w.embedded.tomcat.TomcatWebServer  : Tomcat started on port(s): 8081 (http) with context path ''
2020-01-23 05:45:12.463  INFO 14912 --- [main] OAuth2JwtAuthorizationServer3Application : Started SpringBootOAuth2JwtAuthorizationServer3Application in 9.655 seconds (JVM running for 10.19)
2020-01-23 05:45:16.567  INFO 14912 --- [http-nio-8081-exec-1] o.a.c.c.C.[Tomcat].[localhost].[/]       : Initializing Spring DispatcherServlet 'dispatcherServlet'
2020-01-23 05:45:16.567  INFO 14912 --- [http-nio-8081-exec-1] o.s.web.servlet.DispatcherServlet        : Initializing Servlet 'dispatcherServlet'
2020-01-23 05:45:16.577  INFO 14912 --- [http-nio-8081-exec-1] o.s.web.servlet.DispatcherServlet        : Completed initialization in 10 ms
2020-01-23 05:45:22.281  INFO 14912 --- [http-nio-8081-exec-3] c.p.oauth.aspect.MainControllerAspect    : -----> creating user: clientId
2020-01-23 05:59:31.919  INFO 14912 --- [http-nio-8081-exec-8] o.s.s.o.p.endpoint.CheckTokenEndpoint    : Handling error: InvalidTokenException, Cannot convert access token to JSON
